<?xml version="1.0" encoding="UTF-8"?>
<!-- Generated by org.testng.reporters.JUnitXMLReporter -->
<testsuite ignored="0" hostname="LAPTOP-JJI4PPIN" failures="1" tests="1" name="Test" time="0.042" errors="0" timestamp="2022-01-28T21:57:14 IST">
  <testcase classname="com.test.DemoTest" name="demo" time="0.009">
    <failure type="java.lang.NullPointerException" message="Cannot invoke &amp;quot;com.relevantcodes.extentreports.ExtentReports.startTest(String)&amp;quot; because &amp;quot;com.test.reportUtility.CreateReport.report&amp;quot; is null">
      <![CDATA[java.lang.NullPointerException: Cannot invoke "com.relevantcodes.extentreports.ExtentReports.startTest(String)" because "com.test.reportUtility.CreateReport.report" is null
at com.test.reportUtility.CreateReport.startTest(CreateReport.java:19)
at com.test.DemoTest.demo(DemoTest.java:18)
at java.base/java.util.ArrayList.forEach(ArrayList.java:1511)
... Removed 27 stack frames]]>
    </failure>
  </testcase> <!-- demo -->
</testsuite> <!-- Test -->
