<?xml version="1.0" encoding="UTF-8"?>
<testng-results ignored="0" total="1" passed="1" failed="0" skipped="0">
  <reporter-output>
  </reporter-output>
  <suite started-at="2022-01-27T18:30:30 IST" name="Surefire suite" finished-at="2022-01-27T18:30:41 IST" duration-ms="10865">
    <groups>
    </groups>
    <test started-at="2022-01-27T18:30:30 IST" name="Surefire test" finished-at="2022-01-27T18:30:41 IST" duration-ms="10865">
      <class name="com.test.DemoTest">
        <test-method signature="demo()[pri:0, instance:com.test.DemoTest@fbd1f6]" started-at="2022-01-27T18:30:30 IST" name="demo" finished-at="2022-01-27T18:30:41 IST" duration-ms="10833" status="PASS">
          <reporter-output>
          </reporter-output>
        </test-method> <!-- demo -->
      </class> <!-- com.test.DemoTest -->
    </test> <!-- Surefire test -->
  </suite> <!-- Surefire suite -->
</testng-results>
