<?xml version="1.0" encoding="UTF-8"?>
<testng-results ignored="0" total="1" passed="1" failed="0" skipped="0">
  <reporter-output>
  </reporter-output>
  <suite started-at="2022-01-29T11:56:09 IST" name="Default suite" finished-at="2022-01-29T11:56:27 IST" duration-ms="17504">
    <groups>
    </groups>
    <test started-at="2022-01-29T11:56:09 IST" name="Default test" finished-at="2022-01-29T11:56:27 IST" duration-ms="17504">
      <class name="com.test.DemoTest">
        <test-method is-config="true" signature="beforeSuite()[pri:0, instance:com.test.DemoTest@24fcf36f]" started-at="2022-01-29T11:56:09 IST" name="beforeSuite" finished-at="2022-01-29T11:56:09 IST" duration-ms="202" status="PASS">
          <reporter-output>
          </reporter-output>
        </test-method> <!-- beforeSuite -->
        <test-method signature="demo()[pri:0, instance:com.test.DemoTest@24fcf36f]" started-at="2022-01-29T11:56:09 IST" name="demo" finished-at="2022-01-29T11:56:27 IST" duration-ms="17455" status="PASS">
          <reporter-output>
          </reporter-output>
        </test-method> <!-- demo -->
        <test-method is-config="true" signature="afterSuite()[pri:0, instance:com.test.DemoTest@24fcf36f]" started-at="2022-01-29T11:56:27 IST" name="afterSuite" finished-at="2022-01-29T11:56:27 IST" duration-ms="535" status="PASS">
          <reporter-output>
          </reporter-output>
        </test-method> <!-- afterSuite -->
      </class> <!-- com.test.DemoTest -->
    </test> <!-- Default test -->
  </suite> <!-- Default suite -->
</testng-results>
